[2017-08-07 14:05:01] request.ERROR: Uncaught PHP Exception Symfony\Component\HttpKernel\Exception\NotFoundHttpException: "No route found for "GET /images/.png" (from "http://localhost:8908/bundles/framework/css/products.css")" at /var/www/zoto/waikiki/var/cache/prod/classes.php line 2386 {"exception":"[object] (Symfony\\Component\\HttpKernel\\Exception\\NotFoundHttpException(code: 0): No route found for \"GET /images/.png\" (from \"http://localhost:8908/bundles/framework/css/products.css\") at /var/www/zoto/waikiki/var/cache/prod/classes.php:2386, Symfony\\Component\\Routing\\Exception\\ResourceNotFoundException(code: 0):  at /var/www/zoto/waikiki/var/cache/prod/appProdUrlMatcher.php:161)"} []
[2017-08-07 14:05:01] event.DEBUG: Notified event "kernel.request" to listener "Symfony\Component\EventDispatcher\Debug\WrappedListener::__invoke". [] []
[2017-08-07 14:05:01] event.DEBUG: Notified event "kernel.request" to listener "Symfony\Component\EventDispatcher\Debug\WrappedListener::__invoke". [] []
[2017-08-07 14:05:01] event.DEBUG: Notified event "kernel.request" to listener "Symfony\Component\EventDispatcher\Debug\WrappedListener::__invoke". [] []
[2017-08-07 14:05:01] event.DEBUG: Notified event "kernel.request" to listener "Symfony\Component\EventDispatcher\Debug\WrappedListener::__invoke". [] []
[2017-08-07 14:05:01] event.DEBUG: Notified event "kernel.request" to listener "Symfony\Component\EventDispatcher\Debug\WrappedListener::__invoke". [] []
[2017-08-07 14:05:01] event.DEBUG: Notified event "kernel.request" to listener "Symfony\Component\EventDispatcher\Debug\WrappedListener::__invoke". [] []
[2017-08-07 14:05:01] event.DEBUG: Notified event "kernel.request" to listener "Symfony\Component\EventDispatcher\Debug\WrappedListener::__invoke". [] []
[2017-08-07 14:05:01] event.DEBUG: Notified event "kernel.request" to listener "Symfony\Component\EventDispatcher\Debug\WrappedListener::__invoke". [] []
[2017-08-07 14:05:01] event.DEBUG: Notified event "kernel.controller" to listener "Sensio\Bundle\FrameworkExtraBundle\EventListener\ControllerListener::onKernelController". [] []
[2017-08-07 14:05:01] event.DEBUG: Notified event "kernel.controller" to listener "Sensio\Bundle\FrameworkExtraBundle\EventListener\ParamConverterListener::onKernelController". [] []
[2017-08-07 14:05:01] event.DEBUG: Notified event "kernel.controller" to listener "Sensio\Bundle\FrameworkExtraBundle\EventListener\HttpCacheListener::onKernelController". [] []
[2017-08-07 14:05:01] event.DEBUG: Notified event "kernel.controller" to listener "Sensio\Bundle\FrameworkExtraBundle\EventListener\SecurityListener::onKernelController". [] []
[2017-08-07 14:05:01] event.DEBUG: Notified event "kernel.controller" to listener "Sensio\Bundle\FrameworkExtraBundle\EventListener\TemplateListener::onKernelController". [] []
[2017-08-07 14:05:01] php.INFO: Using "filename" as the default strategy is deprecated since version 1.27. Use "name" instead. {"type":16384,"file":"/var/www/zoto/waikiki/var/cache/prod/classes.php","line":5058,"level":28928,"stack":[{"function":"handleError","class":"Symfony\\Component\\Debug\\ErrorHandler","type":"->"},{"file":"/var/www/zoto/waikiki/var/cache/prod/classes.php","line":5058,"function":"trigger_error"},{"file":"/var/www/zoto/waikiki/var/cache/prod/classes.php","line":5035,"function":"setDefaultStrategy","class":"Twig_Extension_Escaper","type":"->"},{"file":"/var/www/zoto/waikiki/var/cache/prod/classes.php","line":3386,"function":"__construct","class":"Twig_Extension_Escaper","type":"->"},{"file":"/var/www/zoto/waikiki/var/cache/prod/appProdDebugProjectContainer.php","line":2871,"function":"__construct","class":"Twig_Environment","type":"->"},{"file":"/var/www/zoto/waikiki/vendor/symfony/symfony/src/Symfony/Component/DependencyInjection/Container.php","line":275,"function":"getTwigService","class":"appProdDebugProjectContainer","type":"->"},{"file":"/var/www/zoto/waikiki/var/cache/prod/appProdDebugProjectContainer.php","line":2377,"function":"get","class":"Symfony\\Component\\DependencyInjection\\Container","type":"->"},{"file":"/var/www/zoto/waikiki/vendor/symfony/symfony/src/Symfony/Component/DependencyInjection/Container.php","line":275,"function":"getTemplatingService","class":"appProdDebugProjectContainer","type":"->"},{"file":"/var/www/zoto/waikiki/vendor/symfony/symfony/src/Symfony/Bundle/FrameworkBundle/Controller/Controller.php","line":186,"function":"get","class":"Symfony\\Component\\DependencyInjection\\Container","type":"->"},{"file":"/var/www/zoto/waikiki/src/AppBundle/Controller/CustomExceptionController.php","line":22,"function":"render","class":"Symfony\\Bundle\\FrameworkBundle\\Controller\\Controller","type":"->"},{"function":"showAction","class":"AppBundle\\Controller\\CustomExceptionController","type":"->"},{"file":"/var/www/zoto/waikiki/vendor/symfony/symfony/src/Symfony/Component/HttpKernel/HttpKernel.php","line":144,"function":"call_user_func_array"},{"file":"/var/www/zoto/waikiki/vendor/symfony/symfony/src/Symfony/Component/HttpKernel/HttpKernel.php","line":64,"function":"handleRaw","class":"Symfony\\Component\\HttpKernel\\HttpKernel","type":"->"},{"file":"/var/www/zoto/waikiki/vendor/symfony/symfony/src/Symfony/Component/HttpKernel/EventListener/ExceptionListener.php","line":50,"function":"handle","class":"Symfony\\Component\\HttpKernel\\HttpKernel","type":"->"},{"function":"onKernelException","class":"Symfony\\Component\\HttpKernel\\EventListener\\ExceptionListener","type":"->"},{"file":"/var/www/zoto/waikiki/vendor/symfony/symfony/src/Symfony/Component/EventDispatcher/Debug/WrappedListener.php","line":61,"function":"call_user_func"},{"function":"__invoke","class":"Symfony\\Component\\EventDispatcher\\Debug\\WrappedListener","type":"->"},{"file":"/var/www/zoto/waikiki/var/cache/prod/classes.php","line":2173,"function":"call_user_func"},{"file":"/var/www/zoto/waikiki/var/cache/prod/classes.php","line":2088,"function":"doDispatch","class":"Symfony\\Component\\EventDispatcher\\EventDispatcher","type":"->"},{"file":"/var/www/zoto/waikiki/vendor/symfony/symfony/src/Symfony/Component/EventDispatcher/Debug/TraceableEventDispatcher.php","line":136,"function":"dispatch","class":"Symfony\\Component\\EventDispatcher\\EventDispatcher","type":"->"},{"file":"/var/www/zoto/waikiki/vendor/symfony/symfony/src/Symfony/Component/HttpKernel/HttpKernel.php","line":221,"function":"dispatch","class":"Symfony\\Component\\EventDispatcher\\Debug\\TraceableEventDispatcher","type":"->"},{"file":"/var/www/zoto/waikiki/vendor/symfony/symfony/src/Symfony/Component/HttpKernel/HttpKernel.php","line":75,"function":"handleException","class":"Symfony\\Component\\HttpKernel\\HttpKernel","type":"->"},{"file":"/var/www/zoto/waikiki/vendor/symfony/symfony/src/Symfony/Component/HttpKernel/Kernel.php","line":169,"function":"handle","class":"Symfony\\Component\\HttpKernel\\HttpKernel","type":"->"},{"file":"/var/www/zoto/waikiki/web/app.php","line":28,"function":"handle","class":"Symfony\\Component\\HttpKernel\\Kernel","type":"->"}]} []
[2017-08-07 14:05:01] php.INFO: Referencing the "core" extension by its name (defined by getName()) is deprecated since 1.26 and will be removed in Twig 2.0. Use the Fully Qualified Extension Class Name instead. {"type":16384,"file":"/var/www/zoto/waikiki/var/cache/prod/classes.php","line":3750,"level":28928,"stack":[{"function":"handleError","class":"Symfony\\Component\\Debug\\ErrorHandler","type":"->"},{"file":"/var/www/zoto/waikiki/var/cache/prod/classes.php","line":3750,"function":"trigger_error"},{"file":"/var/www/zoto/waikiki/vendor/symfony/symfony/src/Symfony/Bundle/TwigBundle/DependencyInjection/Configurator/EnvironmentConfigurator.php","line":40,"function":"getExtension","class":"Twig_Environment","type":"->"},{"file":"/var/www/zoto/waikiki/var/cache/prod/appProdDebugProjectContainer.php","line":2889,"function":"configure","class":"Symfony\\Bundle\\TwigBundle\\DependencyInjection\\Configurator\\EnvironmentConfigurator","type":"->"},{"file":"/var/www/zoto/waikiki/vendor/symfony/symfony/src/Symfony/Component/DependencyInjection/Container.php","line":275,"function":"getTwigService","class":"appProdDebugProjectContainer","type":"->"},{"file":"/var/www/zoto/waikiki/var/cache/prod/appProdDebugProjectContainer.php","line":2377,"function":"get","class":"Symfony\\Component\\DependencyInjection\\Container","type":"->"},{"file":"/var/www/zoto/waikiki/vendor/symfony/symfony/src/Symfony/Component/DependencyInjection/Container.php","line":275,"function":"getTemplatingService","class":"appProdDebugProjectContainer","type":"->"},{"file":"/var/www/zoto/waikiki/vendor/symfony/symfony/src/Symfony/Bundle/FrameworkBundle/Controller/Controller.php","line":186,"function":"get","class":"Symfony\\Component\\DependencyInjection\\Container","type":"->"},{"file":"/var/www/zoto/waikiki/src/AppBundle/Controller/CustomExceptionController.php","line":22,"function":"render","class":"Symfony\\Bundle\\FrameworkBundle\\Controller\\Controller","type":"->"},{"function":"showAction","class":"AppBundle\\Controller\\CustomExceptionController","type":"->"},{"file":"/var/www/zoto/waikiki/vendor/symfony/symfony/src/Symfony/Component/HttpKernel/HttpKernel.php","line":144,"function":"call_user_func_array"},{"file":"/var/www/zoto/waikiki/vendor/symfony/symfony/src/Symfony/Component/HttpKernel/HttpKernel.php","line":64,"function":"handleRaw","class":"Symfony\\Component\\HttpKernel\\HttpKernel","type":"->"},{"file":"/var/www/zoto/waikiki/vendor/symfony/symfony/src/Symfony/Component/HttpKernel/EventListener/ExceptionListener.php","line":50,"function":"handle","class":"Symfony\\Component\\HttpKernel\\HttpKernel","type":"->"},{"function":"onKernelException","class":"Symfony\\Component\\HttpKernel\\EventListener\\ExceptionListener","type":"->"},{"file":"/var/www/zoto/waikiki/vendor/symfony/symfony/src/Symfony/Component/EventDispatcher/Debug/WrappedListener.php","line":61,"function":"call_user_func"},{"function":"__invoke","class":"Symfony\\Component\\EventDispatcher\\Debug\\WrappedListener","type":"->"},{"file":"/var/www/zoto/waikiki/var/cache/prod/classes.php","line":2173,"function":"call_user_func"},{"file":"/var/www/zoto/waikiki/var/cache/prod/classes.php","line":2088,"function":"doDispatch","class":"Symfony\\Component\\EventDispatcher\\EventDispatcher","type":"->"},{"file":"/var/www/zoto/waikiki/vendor/symfony/symfony/src/Symfony/Component/EventDispatcher/Debug/TraceableEventDispatcher.php","line":136,"function":"dispatch","class":"Symfony\\Component\\EventDispatcher\\EventDispatcher","type":"->"},{"file":"/var/www/zoto/waikiki/vendor/symfony/symfony/src/Symfony/Component/HttpKernel/HttpKernel.php","line":221,"function":"dispatch","class":"Symfony\\Component\\EventDispatcher\\Debug\\TraceableEventDispatcher","type":"->"},{"file":"/var/www/zoto/waikiki/vendor/symfony/symfony/src/Symfony/Component/HttpKernel/HttpKernel.php","line":75,"function":"handleException","class":"Symfony\\Component\\HttpKernel\\HttpKernel","type":"->"},{"file":"/var/www/zoto/waikiki/vendor/symfony/symfony/src/Symfony/Component/HttpKernel/Kernel.php","line":169,"function":"handle","class":"Symfony\\Component\\HttpKernel\\HttpKernel","type":"->"},{"file":"/var/www/zoto/waikiki/web/app.php","line":28,"function":"handle","class":"Symfony\\Component\\HttpKernel\\Kernel","type":"->"}]} []
[2017-08-07 14:05:01] php.INFO: Referencing the "core" extension by its name (defined by getName()) is deprecated since 1.26 and will be removed in Twig 2.0. Use the Fully Qualified Extension Class Name instead. {"type":16384,"file":"/var/www/zoto/waikiki/var/cache/prod/classes.php","line":3750,"level":28928} []
[2017-08-07 14:05:02] event.DEBUG: Notified event "kernel.response" to listener "Symfony\Component\HttpKernel\EventListener\ResponseListener::onKernelResponse". [] []
[2017-08-07 14:05:02] event.DEBUG: Notified event "kernel.response" to listener "Symfony\Component\Security\Http\RememberMe\ResponseListener::onKernelResponse". [] []
[2017-08-07 14:05:02] event.DEBUG: Notified event "kernel.response" to listener "Sensio\Bundle\FrameworkExtraBundle\EventListener\HttpCacheListener::onKernelResponse". [] []
[2017-08-07 14:05:02] event.DEBUG: Notified event "kernel.response" to listener "Symfony\Component\HttpKernel\EventListener\SaveSessionListener::onKernelResponse". [] []
[2017-08-07 14:05:02] event.DEBUG: Notified event "kernel.response" to listener "Symfony\Component\HttpKernel\EventListener\StreamedResponseListener::onKernelResponse". [] []
[2017-08-07 14:05:02] event.DEBUG: Notified event "kernel.finish_request" to listener "Symfony\Component\HttpKernel\EventListener\LocaleListener::onKernelFinishRequest". [] []
[2017-08-07 14:05:02] event.DEBUG: Notified event "kernel.finish_request" to listener "Symfony\Component\HttpKernel\EventListener\TranslatorListener::onKernelFinishRequest". [] []
[2017-08-07 14:05:02] event.DEBUG: Notified event "kernel.finish_request" to listener "Symfony\Component\HttpKernel\EventListener\RouterListener::onKernelFinishRequest". [] []
[2017-08-07 14:05:02] event.DEBUG: Notified event "kernel.finish_request" to listener "Symfony\Component\Security\Http\Firewall::onKernelFinishRequest". [] []
[2017-08-07 14:05:02] event.DEBUG: Notified event "kernel.exception" to listener "Symfony\Component\HttpKernel\EventListener\ExceptionListener::onKernelException". [] []
[2017-08-07 14:05:02] event.DEBUG: Listener "Symfony\Component\HttpKernel\EventListener\ExceptionListener::onKernelException" stopped propagation of the event "kernel.exception". [] []
[2017-08-07 14:05:02] event.DEBUG: Notified event "kernel.response" to listener "Symfony\Component\HttpKernel\EventListener\ResponseListener::onKernelResponse". [] []
[2017-08-07 14:05:02] event.DEBUG: Notified event "kernel.response" to listener "Symfony\Component\Security\Http\RememberMe\ResponseListener::onKernelResponse". [] []
[2017-08-07 14:05:02] event.DEBUG: Notified event "kernel.response" to listener "Sensio\Bundle\FrameworkExtraBundle\EventListener\HttpCacheListener::onKernelResponse". [] []
[2017-08-07 14:05:02] event.DEBUG: Notified event "kernel.response" to listener "Symfony\Component\HttpKernel\EventListener\SaveSessionListener::onKernelResponse". [] []
[2017-08-07 14:05:02] event.DEBUG: Notified event "kernel.response" to listener "Symfony\Component\HttpKernel\EventListener\StreamedResponseListener::onKernelResponse". [] []
[2017-08-07 14:05:02] event.DEBUG: Notified event "kernel.finish_request" to listener "Symfony\Component\HttpKernel\EventListener\LocaleListener::onKernelFinishRequest". [] []
[2017-08-07 14:05:02] event.DEBUG: Notified event "kernel.finish_request" to listener "Symfony\Component\HttpKernel\EventListener\TranslatorListener::onKernelFinishRequest". [] []
[2017-08-07 14:05:02] event.DEBUG: Notified event "kernel.finish_request" to listener "Symfony\Component\HttpKernel\EventListener\RouterListener::onKernelFinishRequest". [] []
[2017-08-07 14:05:02] event.DEBUG: Notified event "kernel.finish_request" to listener "Symfony\Component\Security\Http\Firewall::onKernelFinishRequest". [] []
[2017-08-07 14:05:02] event.DEBUG: Notified event "kernel.terminate" to listener "Symfony\Bundle\SwiftmailerBundle\EventListener\EmailSenderListener::onTerminate". [] []
[2017-08-07 16:33:40] request.CRITICAL: Uncaught PHP Exception Symfony\Component\Debug\Exception\ClassNotFoundException: "Attempted to load class "BaseController" from namespace "AppBundle\Controller". Did you forget a "use" statement for another namespace?" at /var/www/zoto/waikiki/src/AppBundle/Controller/TopController.php line 12 {"exception":"[object] (Symfony\\Component\\Debug\\Exception\\ClassNotFoundException(code: 0): Attempted to load class \"BaseController\" from namespace \"AppBundle\\Controller\".\nDid you forget a \"use\" statement for another namespace? at /var/www/zoto/waikiki/src/AppBundle/Controller/TopController.php:12)"} []
[2017-08-07 16:33:40] event.DEBUG: Notified event "kernel.request" to listener "Symfony\Component\EventDispatcher\Debug\WrappedListener::__invoke". [] []
[2017-08-07 16:33:40] event.DEBUG: Notified event "kernel.request" to listener "Symfony\Component\EventDispatcher\Debug\WrappedListener::__invoke". [] []
[2017-08-07 16:33:40] event.DEBUG: Notified event "kernel.request" to listener "Symfony\Component\EventDispatcher\Debug\WrappedListener::__invoke". [] []
[2017-08-07 16:33:40] event.DEBUG: Notified event "kernel.request" to listener "Symfony\Component\EventDispatcher\Debug\WrappedListener::__invoke". [] []
[2017-08-07 16:33:40] event.DEBUG: Notified event "kernel.request" to listener "Symfony\Component\EventDispatcher\Debug\WrappedListener::__invoke". [] []
[2017-08-07 16:33:40] event.DEBUG: Notified event "kernel.request" to listener "Symfony\Component\EventDispatcher\Debug\WrappedListener::__invoke". [] []
[2017-08-07 16:33:40] event.DEBUG: Notified event "kernel.request" to listener "Symfony\Component\EventDispatcher\Debug\WrappedListener::__invoke". [] []
[2017-08-07 16:33:40] event.DEBUG: Notified event "kernel.request" to listener "Symfony\Component\EventDispatcher\Debug\WrappedListener::__invoke". [] []
[2017-08-07 16:33:40] event.DEBUG: Notified event "kernel.finish_request" to listener "Symfony\Component\HttpKernel\EventListener\LocaleListener::onKernelFinishRequest". [] []
[2017-08-07 16:33:40] event.DEBUG: Notified event "kernel.finish_request" to listener "Symfony\Component\HttpKernel\EventListener\TranslatorListener::onKernelFinishRequest". [] []
[2017-08-07 16:33:40] event.DEBUG: Notified event "kernel.finish_request" to listener "Symfony\Component\HttpKernel\EventListener\RouterListener::onKernelFinishRequest". [] []
[2017-08-07 16:33:40] event.DEBUG: Notified event "kernel.finish_request" to listener "Symfony\Component\Security\Http\Firewall::onKernelFinishRequest". [] []
[2017-08-07 16:33:40] request.CRITICAL: Exception thrown when handling an exception (InvalidArgumentException: The _controller value "AppBundle:CustomException:show" maps to a "AppBundle\Controller\CustomExceptionController" class, but this class was not found. Create this class or check the spelling of the class and its namespace. at /var/www/zoto/waikiki/var/cache/prod/classes.php line 2777) {"exception":"[object] (InvalidArgumentException(code: 0): The _controller value \"AppBundle:CustomException:show\" maps to a \"AppBundle\\Controller\\CustomExceptionController\" class, but this class was not found. Create this class or check the spelling of the class and its namespace. at /var/www/zoto/waikiki/var/cache/prod/classes.php:2777)"} []
[2017-08-07 16:34:22] request.CRITICAL: Uncaught PHP Exception Symfony\Component\Debug\Exception\ClassNotFoundException: "Attempted to load class "BaseController" from namespace "AppBundle\Controller". Did you forget a "use" statement for another namespace?" at /var/www/zoto/waikiki/src/AppBundle/Controller/TopController.php line 12 {"exception":"[object] (Symfony\\Component\\Debug\\Exception\\ClassNotFoundException(code: 0): Attempted to load class \"BaseController\" from namespace \"AppBundle\\Controller\".\nDid you forget a \"use\" statement for another namespace? at /var/www/zoto/waikiki/src/AppBundle/Controller/TopController.php:12)"} []
[2017-08-07 16:34:22] event.DEBUG: Notified event "kernel.request" to listener "Symfony\Component\EventDispatcher\Debug\WrappedListener::__invoke". [] []
[2017-08-07 16:34:22] event.DEBUG: Notified event "kernel.request" to listener "Symfony\Component\EventDispatcher\Debug\WrappedListener::__invoke". [] []
[2017-08-07 16:34:22] event.DEBUG: Notified event "kernel.request" to listener "Symfony\Component\EventDispatcher\Debug\WrappedListener::__invoke". [] []
[2017-08-07 16:34:22] event.DEBUG: Notified event "kernel.request" to listener "Symfony\Component\EventDispatcher\Debug\WrappedListener::__invoke". [] []
[2017-08-07 16:34:22] event.DEBUG: Notified event "kernel.request" to listener "Symfony\Component\EventDispatcher\Debug\WrappedListener::__invoke". [] []
[2017-08-07 16:34:22] event.DEBUG: Notified event "kernel.request" to listener "Symfony\Component\EventDispatcher\Debug\WrappedListener::__invoke". [] []
[2017-08-07 16:34:22] event.DEBUG: Notified event "kernel.request" to listener "Symfony\Component\EventDispatcher\Debug\WrappedListener::__invoke". [] []
[2017-08-07 16:34:22] event.DEBUG: Notified event "kernel.request" to listener "Symfony\Component\EventDispatcher\Debug\WrappedListener::__invoke". [] []
[2017-08-07 16:34:22] event.DEBUG: Notified event "kernel.finish_request" to listener "Symfony\Component\HttpKernel\EventListener\LocaleListener::onKernelFinishRequest". [] []
[2017-08-07 16:34:22] event.DEBUG: Notified event "kernel.finish_request" to listener "Symfony\Component\HttpKernel\EventListener\TranslatorListener::onKernelFinishRequest". [] []
[2017-08-07 16:34:22] event.DEBUG: Notified event "kernel.finish_request" to listener "Symfony\Component\HttpKernel\EventListener\RouterListener::onKernelFinishRequest". [] []
[2017-08-07 16:34:22] event.DEBUG: Notified event "kernel.finish_request" to listener "Symfony\Component\Security\Http\Firewall::onKernelFinishRequest". [] []
[2017-08-07 16:34:22] request.CRITICAL: Exception thrown when handling an exception (InvalidArgumentException: The _controller value "AppBundle:CustomException:show" maps to a "AppBundle\Controller\CustomExceptionController" class, but this class was not found. Create this class or check the spelling of the class and its namespace. at /var/www/zoto/waikiki/var/cache/prod/classes.php line 2777) {"exception":"[object] (InvalidArgumentException(code: 0): The _controller value \"AppBundle:CustomException:show\" maps to a \"AppBundle\\Controller\\CustomExceptionController\" class, but this class was not found. Create this class or check the spelling of the class and its namespace. at /var/www/zoto/waikiki/var/cache/prod/classes.php:2777)"} []
[2017-08-07 16:35:37] request.CRITICAL: Uncaught PHP Exception Symfony\Component\Debug\Exception\ClassNotFoundException: "Attempted to load class "BaseController" from namespace "AppBundle\Controller". Did you forget a "use" statement for another namespace?" at /var/www/zoto/waikiki/src/AppBundle/Controller/TopController.php line 12 {"exception":"[object] (Symfony\\Component\\Debug\\Exception\\ClassNotFoundException(code: 0): Attempted to load class \"BaseController\" from namespace \"AppBundle\\Controller\".\nDid you forget a \"use\" statement for another namespace? at /var/www/zoto/waikiki/src/AppBundle/Controller/TopController.php:12)"} []
[2017-08-07 16:35:37] event.DEBUG: Notified event "kernel.request" to listener "Symfony\Component\EventDispatcher\Debug\WrappedListener::__invoke". [] []
[2017-08-07 16:35:37] event.DEBUG: Notified event "kernel.request" to listener "Symfony\Component\EventDispatcher\Debug\WrappedListener::__invoke". [] []
[2017-08-07 16:35:37] event.DEBUG: Notified event "kernel.request" to listener "Symfony\Component\EventDispatcher\Debug\WrappedListener::__invoke". [] []
[2017-08-07 16:35:37] event.DEBUG: Notified event "kernel.request" to listener "Symfony\Component\EventDispatcher\Debug\WrappedListener::__invoke". [] []
[2017-08-07 16:35:37] event.DEBUG: Notified event "kernel.request" to listener "Symfony\Component\EventDispatcher\Debug\WrappedListener::__invoke". [] []
[2017-08-07 16:35:37] event.DEBUG: Notified event "kernel.request" to listener "Symfony\Component\EventDispatcher\Debug\WrappedListener::__invoke". [] []
[2017-08-07 16:35:37] event.DEBUG: Notified event "kernel.request" to listener "Symfony\Component\EventDispatcher\Debug\WrappedListener::__invoke". [] []
[2017-08-07 16:35:37] event.DEBUG: Notified event "kernel.request" to listener "Symfony\Component\EventDispatcher\Debug\WrappedListener::__invoke". [] []
[2017-08-07 16:44:27] request.INFO: Matched route "top". {"route_parameters":{"_controller":"AppBundle\\Controller\\TopController::indexAction","_route":"top"},"request_uri":"http://localhost:8908/"} []
[2017-08-07 16:44:27] security.INFO: Populated the TokenStorage with an anonymous Token. [] []
[2017-08-07 16:44:27] event.DEBUG: Notified event "kernel.request" to listener "Symfony\Component\HttpKernel\EventListener\DebugHandlersListener::configure". [] []
[2017-08-07 16:44:27] event.DEBUG: Notified event "kernel.request" to listener "Symfony\Component\HttpKernel\EventListener\ValidateRequestListener::onKernelRequest". [] []
[2017-08-07 16:44:27] event.DEBUG: Notified event "kernel.request" to listener "Symfony\Bundle\FrameworkBundle\EventListener\SessionListener::onKernelRequest". [] []
[2017-08-07 16:44:27] event.DEBUG: Notified event "kernel.request" to listener "Symfony\Component\HttpKernel\EventListener\FragmentListener::onKernelRequest". [] []
[2017-08-07 16:44:27] event.DEBUG: Notified event "kernel.request" to listener "Symfony\Component\HttpKernel\EventListener\RouterListener::onKernelRequest". [] []
[2017-08-07 16:44:27] event.DEBUG: Notified event "kernel.request" to listener "Symfony\Component\HttpKernel\EventListener\LocaleListener::onKernelRequest". [] []
[2017-08-07 16:44:27] event.DEBUG: Notified event "kernel.request" to listener "Symfony\Component\HttpKernel\EventListener\TranslatorListener::onKernelRequest". [] []
[2017-08-07 16:44:27] event.DEBUG: Notified event "kernel.request" to listener "Symfony\Component\Security\Http\Firewall::onKernelRequest". [] []
[2017-08-07 16:44:27] event.DEBUG: Notified event "kernel.controller" to listener "Sensio\Bundle\FrameworkExtraBundle\EventListener\ControllerListener::onKernelController". [] []
[2017-08-07 16:44:27] event.DEBUG: Notified event "kernel.controller" to listener "Sensio\Bundle\FrameworkExtraBundle\EventListener\ParamConverterListener::onKernelController". [] []
[2017-08-07 16:44:27] event.DEBUG: Notified event "kernel.controller" to listener "Sensio\Bundle\FrameworkExtraBundle\EventListener\HttpCacheListener::onKernelController". [] []
[2017-08-07 16:44:27] event.DEBUG: Notified event "kernel.controller" to listener "Sensio\Bundle\FrameworkExtraBundle\EventListener\SecurityListener::onKernelController". [] []
[2017-08-07 16:44:27] event.DEBUG: Notified event "kernel.controller" to listener "Sensio\Bundle\FrameworkExtraBundle\EventListener\TemplateListener::onKernelController". [] []
[2017-08-07 16:44:27] request.CRITICAL: Uncaught PHP Exception Symfony\Component\DependencyInjection\Exception\InvalidArgumentException: "The parameter "url_ssl" must be defined." at /var/www/zoto/waikiki/var/cache/prod/appProdDebugProjectContainer.php line 3276 {"exception":"[object] (Symfony\\Component\\DependencyInjection\\Exception\\InvalidArgumentException(code: 0): The parameter \"url_ssl\" must be defined. at /var/www/zoto/waikiki/var/cache/prod/appProdDebugProjectContainer.php:3276)"} []
[2017-08-07 16:44:27] event.DEBUG: Notified event "kernel.request" to listener "Symfony\Component\HttpKernel\EventListener\DebugHandlersListener::configure". [] []
[2017-08-07 16:44:27] event.DEBUG: Notified event "kernel.request" to listener "Symfony\Component\HttpKernel\EventListener\ValidateRequestListener::onKernelRequest". [] []
[2017-08-07 16:44:27] event.DEBUG: Notified event "kernel.request" to listener "Symfony\Bundle\FrameworkBundle\EventListener\SessionListener::onKernelRequest". [] []
[2017-08-07 16:44:27] event.DEBUG: Notified event "kernel.request" to listener "Symfony\Component\HttpKernel\EventListener\FragmentListener::onKernelRequest". [] []
[2017-08-07 16:44:27] event.DEBUG: Notified event "kernel.request" to listener "Symfony\Component\HttpKernel\EventListener\RouterListener::onKernelRequest". [] []
[2017-08-07 16:44:27] event.DEBUG: Notified event "kernel.request" to listener "Symfony\Component\HttpKernel\EventListener\LocaleListener::onKernelRequest". [] []
[2017-08-07 16:44:27] event.DEBUG: Notified event "kernel.request" to listener "Symfony\Component\HttpKernel\EventListener\TranslatorListener::onKernelRequest". [] []
[2017-08-07 16:44:27] event.DEBUG: Notified event "kernel.request" to listener "Symfony\Component\Security\Http\Firewall::onKernelRequest". [] []
[2017-08-07 16:44:27] event.DEBUG: Notified event "kernel.controller" to listener "Sensio\Bundle\FrameworkExtraBundle\EventListener\ControllerListener::onKernelController". [] []
[2017-08-07 16:44:27] event.DEBUG: Notified event "kernel.controller" to listener "Sensio\Bundle\FrameworkExtraBundle\EventListener\ParamConverterListener::onKernelController". [] []
[2017-08-07 16:44:27] event.DEBUG: Notified event "kernel.controller" to listener "Sensio\Bundle\FrameworkExtraBundle\EventListener\HttpCacheListener::onKernelController". [] []
[2017-08-07 16:44:27] event.DEBUG: Notified event "kernel.controller" to listener "Sensio\Bundle\FrameworkExtraBundle\EventListener\SecurityListener::onKernelController". [] []
[2017-08-07 16:44:27] event.DEBUG: Notified event "kernel.controller" to listener "Sensio\Bundle\FrameworkExtraBundle\EventListener\TemplateListener::onKernelController". [] []
[2017-08-07 16:44:27] event.DEBUG: Notified event "kernel.response" to listener "Symfony\Component\Security\Http\Firewall\ContextListener::onKernelResponse". [] []
[2017-08-07 16:44:27] event.DEBUG: Notified event "kernel.response" to listener "Symfony\Component\HttpKernel\EventListener\ResponseListener::onKernelResponse". [] []
[2017-08-07 16:44:27] event.DEBUG: Notified event "kernel.response" to listener "Symfony\Component\Security\Http\RememberMe\ResponseListener::onKernelResponse". [] []
[2017-08-07 16:44:27] event.DEBUG: Notified event "kernel.response" to listener "Sensio\Bundle\FrameworkExtraBundle\EventListener\HttpCacheListener::onKernelResponse". [] []
[2017-08-07 16:44:27] event.DEBUG: Notified event "kernel.response" to listener "Symfony\Component\HttpKernel\EventListener\SaveSessionListener::onKernelResponse". [] []
[2017-08-07 16:44:27] event.DEBUG: Notified event "kernel.response" to listener "Symfony\Component\HttpKernel\EventListener\StreamedResponseListener::onKernelResponse". [] []
[2017-08-07 16:44:27] event.DEBUG: Notified event "kernel.finish_request" to listener "Symfony\Component\HttpKernel\EventListener\LocaleListener::onKernelFinishRequest". [] []
[2017-08-07 16:44:27] event.DEBUG: Notified event "kernel.finish_request" to listener "Symfony\Component\HttpKernel\EventListener\TranslatorListener::onKernelFinishRequest". [] []
[2017-08-07 16:44:27] event.DEBUG: Notified event "kernel.finish_request" to listener "Symfony\Component\HttpKernel\EventListener\RouterListener::onKernelFinishRequest". [] []
[2017-08-07 16:44:27] event.DEBUG: Notified event "kernel.finish_request" to listener "Symfony\Component\Security\Http\Firewall::onKernelFinishRequest". [] []
[2017-08-07 16:44:27] event.DEBUG: Notified event "kernel.exception" to listener "Symfony\Component\Security\Http\Firewall\ExceptionListener::onKernelException". [] []
[2017-08-07 16:44:27] event.DEBUG: Notified event "kernel.exception" to listener "Symfony\Component\HttpKernel\EventListener\ExceptionListener::onKernelException". [] []
[2017-08-07 16:44:27] event.DEBUG: Listener "Symfony\Component\HttpKernel\EventListener\ExceptionListener::onKernelException" stopped propagation of the event "kernel.exception". [] []
[2017-08-07 16:44:27] event.DEBUG: Notified event "kernel.response" to listener "Symfony\Component\HttpKernel\EventListener\ResponseListener::onKernelResponse". [] []
[2017-08-07 16:44:27] event.DEBUG: Notified event "kernel.response" to listener "Symfony\Component\Security\Http\RememberMe\ResponseListener::onKernelResponse". [] []
[2017-08-07 16:44:27] event.DEBUG: Notified event "kernel.response" to listener "Sensio\Bundle\FrameworkExtraBundle\EventListener\HttpCacheListener::onKernelResponse". [] []
[2017-08-07 16:44:27] event.DEBUG: Notified event "kernel.response" to listener "Symfony\Component\HttpKernel\EventListener\SaveSessionListener::onKernelResponse". [] []
[2017-08-07 16:44:27] event.DEBUG: Notified event "kernel.response" to listener "Symfony\Component\HttpKernel\EventListener\StreamedResponseListener::onKernelResponse". [] []
[2017-08-07 16:44:27] event.DEBUG: Notified event "kernel.finish_request" to listener "Symfony\Component\HttpKernel\EventListener\LocaleListener::onKernelFinishRequest". [] []
[2017-08-07 16:44:27] event.DEBUG: Notified event "kernel.finish_request" to listener "Symfony\Component\HttpKernel\EventListener\TranslatorListener::onKernelFinishRequest". [] []
[2017-08-07 16:44:27] event.DEBUG: Notified event "kernel.finish_request" to listener "Symfony\Component\HttpKernel\EventListener\RouterListener::onKernelFinishRequest". [] []
[2017-08-07 16:44:27] event.DEBUG: Notified event "kernel.finish_request" to listener "Symfony\Component\Security\Http\Firewall::onKernelFinishRequest". [] []
[2017-08-07 16:44:27] event.DEBUG: Notified event "kernel.terminate" to listener "Symfony\Bundle\SwiftmailerBundle\EventListener\EmailSenderListener::onTerminate". [] []
